[app.iosgods.com/store/index.html]
[backblue.gif]
[fade.gif]
[index.html]
[app.iosgods.com/store/games.html]
[app.iosgods.com/favicon.png]
[app.iosgods.com/apple-touch-icon.png]
[app.iosgods.com/favicon-32x32.png]
[app.iosgods.com/favicon-16x16.png]
[app.iosgods.com/store/lib/font-awesome/css/font-awesome.min.css]
[app.iosgods.com/store/css/framework7.bundle.min.css]
[app.iosgods.com/store/css/app.min78a8.css]
[app.iosgods.com/store/img/splashscreens/iphone5_splash.png]
[app.iosgods.com/store/img/splashscreens/iphone6_splash.png]
[app.iosgods.com/store/img/splashscreens/iphoneplus_splash.png]
[app.iosgods.com/store/img/splashscreens/iphonex_splash.png]
[app.iosgods.com/store/img/splashscreens/iphonexr_splash.png]
[app.iosgods.com/store/img/splashscreens/iphonexsmax_splash.png]
[app.iosgods.com/store/img/splashscreens/ipad_splash.png]
[app.iosgods.com/store/img/splashscreens/ipadpro1_splash.png]
[app.iosgods.com/store/img/splashscreens/ipadpro3_splash.png]
[app.iosgods.com/store/img/splashscreens/ipadpro2_splash.png]
[www.google.com/recaptcha/api.js]
[www.gstatic.com/firebasejs/7.2.1/firebase-app.js]
[www.gstatic.com/firebasejs/7.2.1/firebase-analytics.js]
[is2-ssl.mzstatic.com/image/thumb/Purple122/v4/c0/70/06/c070064d-dcc0-eee8-c13f-085b69481c55/AppIcon-0-0-1x_U007emarketing-0-0-0-7-0-0-sRGB-0-0-0-GLES2_U002c0-512MB-85-220-0-0.png/100x100bb.jpg]
[is5-ssl.mzstatic.com/image/thumb/Purple122/v4/71/7f/1e/717f1e35-b91c-fdab-adc0-bfb7026f2efe/AppIcon-0-0-1x_U007emarketing-0-0-0-7-0-0-sRGB-0-0-0-GLES2_U002c0-512MB-85-220-0-0.png/100x100bb.jpg]
[is2-ssl.mzstatic.com/image/thumb/Purple122/v4/d3/88/88/d38888d9-b304-59a4-e9a6-77039e79f597/AppIcon-0-0-1x_U007emarketing-0-0-0-7-0-0-sRGB-0-0-0-GLES2_U002c0-512MB-85-220-0-0.png/100x100bb.jpg]
[is2-ssl.mzstatic.com/image/thumb/Purple122/v4/d4/59/e1/d459e1cf-70f6-5ec1-b322-8fa818fa0a8d/AppIcon-0-0-1x_U007emarketing-0-0-0-7-0-0-sRGB-0-0-0-GLES2_U002c0-512MB-85-220-0-0.png/100x100bb.jpg]
[is4-ssl.mzstatic.com/image/thumb/Purple112/v4/53/77/f5/5377f5c9-04b0-c5ef-13bd-3ebabbe24c3e/AppIcon-0-0-1x_U007emarketing-0-0-0-7-0-0-sRGB-0-0-0-GLES2_U002c0-512MB-85-220-0-0.png/100x100bb.jpg]
[is2-ssl.mzstatic.com/image/thumb/Purple112/v4/2c/8a/fc/2c8afc63-a26a-08cf-c1a4-c045eac579c5/AppIcon-0-0-1x_U007emarketing-0-0-0-7-0-0-sRGB-0-0-0-GLES2_U002c0-512MB-85-220-0-0.png/100x100bb.jpg]
[is3-ssl.mzstatic.com/image/thumb/Purple122/v4/a9/72/43/a972434d-f1be-0949-57a8-a5082b4967cb/AppIcon-0-0-1x_U007emarketing-0-0-0-7-0-0-sRGB-0-0-0-GLES2_U002c0-512MB-85-220-0-0.png/100x100bb.jpg]
[is4-ssl.mzstatic.com/image/thumb/Purple112/v4/76/01/2b/76012b9e-a72b-9711-5613-5e9ac7149099/AppIcon-0-0-1x_U007emarketing-0-0-0-7-0-0-sRGB-0-0-0-GLES2_U002c0-512MB-85-220-0-0.png/100x100bb.jpg]
[is1-ssl.mzstatic.com/image/thumb/Purple112/v4/4f/50/e3/4f50e305-f25d-8a86-d355-09fa6a197c51/AppIcon-0-0-1x_U007emarketing-0-0-0-7-0-0-sRGB-0-0-0-GLES2_U002c0-512MB-85-220-0-0.png/100x100bb.jpg]
[is4-ssl.mzstatic.com/image/thumb/Purple122/v4/f9/55/15/f95515f3-c40b-28c2-380e-9fbe9ddd016d/AppIcon-0-0-1x_U007emarketing-0-0-0-7-0-0-sRGB-0-0-0-GLES2_U002c0-512MB-85-220-0-0.png/100x100bb.jpg]
[is1-ssl.mzstatic.com/image/thumb/Purple112/v4/1a/30/5d/1a305dd6-e6cd-058a-2e4b-a9d9d60b4626/AppIcon-1x_U007emarketing-0-10-0-85-220.png/100x100bb.jpg]
[is1-ssl.mzstatic.com/image/thumb/Purple122/v4/c5/06/2d/c5062d6e-9c1d-a19a-4c0b-c7f9f167c0b1/AppIcon-0-0-1x_U007emarketing-0-0-0-7-0-0-sRGB-0-0-0-GLES2_U002c0-512MB-85-220-0-0.png/100x100bb.jpg]
[is2-ssl.mzstatic.com/image/thumb/Purple112/v4/95/87/79/958779cc-6694-94a8-d058-6455501e23da/AppIcon-0-0-1x_U007emarketing-0-0-0-7-0-0-sRGB-0-0-0-GLES2_U002c0-512MB-85-220-0-0.png/100x100bb.jpg]
[is3-ssl.mzstatic.com/image/thumb/Purple122/v4/6f/b6/a2/6fb6a248-20a5-46dc-e488-e711aa8fbe3e/AppIcon-0-0-1x_U007emarketing-0-0-0-7-0-0-sRGB-0-0-0-GLES2_U002c0-512MB-85-220-0-0.png/100x100bb.jpg]
[is3-ssl.mzstatic.com/image/thumb/Purple112/v4/d8/ae/1f/d8ae1faf-a144-7ed9-6de8-c81244ab0fae/AppIcon-0-0-1x_U007emarketing-0-0-0-7-0-0-sRGB-0-0-0-GLES2_U002c0-512MB-85-220-0-0.png/100x100bb.jpg]
[is5-ssl.mzstatic.com/image/thumb/Purple122/v4/46/9a/56/469a5618-67c1-2957-e05d-507ba75725fa/AppIcon-0-0-1x_U007emarketing-0-0-0-7-0-0-sRGB-0-0-0-GLES2_U002c0-512MB-85-220-0-0.png/100x100bb.jpg]
[is5-ssl.mzstatic.com/image/thumb/Purple122/v4/a5/6d/6f/a56d6fd9-8c9e-1a21-5cc2-18277faf752b/AppIcon-0-0-1x_U007emarketing-0-0-0-7-0-0-sRGB-0-0-0-GLES2_U002c0-512MB-85-220-0-0.png/100x100bb.jpg]
[is1-ssl.mzstatic.com/image/thumb/Purple122/v4/5c/21/93/5c219333-b2f4-27e1-8981-83696bc31886/AppIcon-0-0-1x_U007emarketing-0-0-0-9-0-0-sRGB-0-0-0-GLES2_U002c0-512MB-85-220-0-0.png/100x100bb.jpg]
[is5-ssl.mzstatic.com/image/thumb/Purple112/v4/37/35/63/3735636a-b813-a4e3-0832-df7d41c6e647/AppIcon02-1x_U007emarketing-0-7-0-P3-85-220.png/100x100bb.jpg]
[is4-ssl.mzstatic.com/image/thumb/Purple122/v4/b4/c8/cf/b4c8cf32-9c71-ee2c-f23c-f7ffff1b5773/AppIcon-1x_U007emarketing-0-7-0-85-220.png/100x100bb.jpg]
[is1-ssl.mzstatic.com/image/thumb/Purple122/v4/9f/38/d9/9f38d93f-a2b7-6427-a599-978e33c296c8/AppIcon-0-0-1x_U007emarketing-0-0-0-7-0-0-sRGB-0-0-0-GLES2_U002c0-512MB-85-220-0-0.png/100x100bb.jpg]
[is3-ssl.mzstatic.com/image/thumb/Purple112/v4/37/f9/c0/37f9c021-6543-a604-51c7-393424bfd465/AppIcon-0-0-1x_U007emarketing-0-0-0-8-0-0-sRGB-0-0-0-GLES2_U002c0-512MB-85-220-0-0.png/100x100bb.jpg]
[is2-ssl.mzstatic.com/image/thumb/Purple122/v4/b6/7a/b5/b67ab532-d904-bda5-98db-1d1468ea442c/AppIcon-0-0-1x_U007emarketing-0-0-0-7-0-0-sRGB-0-0-0-GLES2_U002c0-512MB-85-220-0-0.png/100x100bb.jpg]
[is2-ssl.mzstatic.com/image/thumb/Purple122/v4/41/fe/34/41fe340d-9125-394a-22f3-0e64d4a38163/AppIcon-1x_U007emarketing-0-7-0-0-85-220.png/100x100bb.jpg]
[is2-ssl.mzstatic.com/image/thumb/Purple112/v4/32/06/bf/3206bfce-2e1d-e061-58e4-dc09fceda1c2/AppIcon-0-0-1x_U007emarketing-0-0-0-7-0-0-sRGB-0-0-0-GLES2_U002c0-512MB-85-220-0-0.png/100x100bb.jpg]
[is1-ssl.mzstatic.com/image/thumb/Purple122/v4/2d/f7/7e/2df77e47-bc4c-c560-7bd7-04041ba307a7/AppIcon-0-0-1x_U007emarketing-0-0-0-7-0-0-sRGB-0-0-0-GLES2_U002c0-512MB-85-220-0-0.png/100x100bb.jpg]
[is2-ssl.mzstatic.com/image/thumb/Purple122/v4/f7/cc/8b/f7cc8bd9-8912-6795-f229-67298f0fe8f8/AppIcon-0-0-1x_U007emarketing-0-0-0-7-0-0-sRGB-0-0-0-GLES2_U002c0-512MB-85-220-0-0.png/100x100bb.jpg]
[is1-ssl.mzstatic.com/image/thumb/Purple112/v4/18/6a/16/186a1645-beef-f30b-2594-16e3b0156cfb/AppIcon-0-0-1x_U007emarketing-0-0-0-7-0-0-sRGB-0-0-0-GLES2_U002c0-512MB-85-220-0-0.png/100x100bb.jpg]
[is1-ssl.mzstatic.com/image/thumb/Purple122/v4/32/cd/26/32cd26bc-412e-71a2-5994-f72ce941816b/AppIcon-0-0-1x_U007emarketing-0-0-0-7-0-0-sRGB-0-0-0-GLES2_U002c0-512MB-85-220-0-0.png/100x100bb.jpg]
[is2-ssl.mzstatic.com/image/thumb/Purple122/v4/ca/01/8c/ca018c96-7499-923f-4f41-5998714fb1cf/AppIcon-0-0-1x_U007emarketing-0-0-0-7-0-0-sRGB-0-0-0-GLES2_U002c0-512MB-85-220-0-0.png/100x100bb.jpg]
[is3-ssl.mzstatic.com/image/thumb/Purple112/v4/3a/b1/5c/3ab15c76-cc7a-a09e-e029-cc38c6ff5d16/AppIcon-0-0-1x_U007emarketing-0-0-0-7-0-0-sRGB-0-0-0-GLES2_U002c0-512MB-85-220-0-0.png/100x100bb.jpg]
[is1-ssl.mzstatic.com/image/thumb/Purple122/v4/3b/45/2f/3b452fa2-30b8-49a9-8fa1-40b2235c0441/AppIcon-0-0-1x_U007emarketing-0-0-0-7-0-0-sRGB-0-0-0-GLES2_U002c0-512MB-85-220-0-0.png/100x100bb.jpg]
[is2-ssl.mzstatic.com/image/thumb/Purple112/v4/72/dd/2e/72dd2eb1-7134-ab4c-1a8a-f5eab49537e2/AppIcon-0-0-1x_U007emarketing-0-0-0-7-0-0-sRGB-0-0-0-GLES2_U002c0-512MB-85-220-0-0.png/100x100bb.jpg]
[is5-ssl.mzstatic.com/image/thumb/Purple112/v4/57/bf/59/57bf5938-a61a-4fd8-6e4f-66a7228c5b30/AppIcon-0-0-1x_U007emarketing-0-0-0-7-0-0-sRGB-0-0-0-GLES2_U002c0-512MB-85-220-0-0.png/100x100bb.jpg]
[is3-ssl.mzstatic.com/image/thumb/Purple112/v4/c1/2f/61/c12f61ae-06ef-1377-cbb5-84f382a781f7/AppIcon-0-0-1x_U007emarketing-0-0-0-7-0-0-sRGB-0-0-0-GLES2_U002c0-512MB-85-220-0-0.png/100x100bb.jpg]
[is4-ssl.mzstatic.com/image/thumb/Purple112/v4/cc/04/70/cc047001-d068-7d91-db4f-b444ca32df61/AppIcon-0-0-1x_U007emarketing-0-0-0-7-0-0-sRGB-0-0-0-GLES2_U002c0-512MB-85-220-0-0.png/100x100bb.jpg]
[is3-ssl.mzstatic.com/image/thumb/Purple112/v4/21/66/47/2166473b-0a88-7965-48a0-bc80720b1102/AppIcon-0-0-1x_U007emarketing-0-0-0-10-0-0-sRGB-0-0-0-GLES2_U002c0-512MB-85-220-0-0.png/100x100bb.jpg]
[is5-ssl.mzstatic.com/image/thumb/Purple122/v4/79/97/44/799744b0-6804-433c-d36c-d127c123b8c4/AppIcon-0-0-1x_U007emarketing-0-0-0-7-0-0-sRGB-0-0-0-GLES2_U002c0-512MB-85-220-0-0.png/100x100bb.jpg]
[is5-ssl.mzstatic.com/image/thumb/Purple122/v4/33/e3/ff/33e3ffdb-10f8-fd0d-1072-f9ae7f331df0/AppIcon-0-0-1x_U007emarketing-0-0-0-7-0-0-sRGB-0-0-0-GLES2_U002c0-512MB-85-220-0-0.png/100x100bb.jpg]
[is5-ssl.mzstatic.com/image/thumb/Purple122/v4/0e/ee/cb/0eeecb0f-8216-6bb9-55f9-e23b9f72fd67/AppIcon-1x_U007emarketing-0-10-0-85-220.png/100x100bb.jpg]
[is4-ssl.mzstatic.com/image/thumb/Purple112/v4/0b/c1/37/0bc13710-2fd2-f33b-4806-09db50047af7/AppIcon-0-0-1x_U007emarketing-0-0-0-7-0-0-sRGB-0-0-0-GLES2_U002c0-512MB-85-220-0-0.png/100x100bb.jpg]
[is3-ssl.mzstatic.com/image/thumb/Purple122/v4/35/15/65/35156536-e2f2-f06e-2b28-1be2a5e0ab86/AppIcon-0-0-1x_U007emarketing-0-0-0-7-0-0-sRGB-0-0-0-GLES2_U002c0-512MB-85-220-0-0.png/100x100bb.jpg]
[is4-ssl.mzstatic.com/image/thumb/Purple112/v4/7f/0f/d6/7f0fd6af-94e3-b442-9735-097a78b1939d/AppIcon-0-0-1x_U007emarketing-0-0-0-7-0-0-sRGB-0-0-0-GLES2_U002c0-512MB-85-220-0-0.png/100x100bb.jpg]
[is1-ssl.mzstatic.com/image/thumb/Purple122/v4/72/b5/a8/72b5a8d3-7c3a-6ced-6038-5a815e304c87/AppIcon-0-0-1x_U007emarketing-0-0-0-7-0-0-sRGB-0-0-0-GLES2_U002c0-512MB-85-220-0-0.png/100x100bb.jpg]
[is4-ssl.mzstatic.com/image/thumb/Purple112/v4/65/f7/62/65f76236-d4ca-63f8-5801-349226e52fd6/AppIcon-0-0-1x_U007emarketing-0-0-0-7-0-0-sRGB-0-0-0-GLES2_U002c0-512MB-85-220-0-0.png/100x100bb.jpg]
[is3-ssl.mzstatic.com/image/thumb/Purple122/v4/88/f4/0e/88f40e94-300c-ed6a-9b5b-a2cd484cec13/AppIcon-0-0-1x_U007emarketing-0-0-0-7-0-0-sRGB-0-0-0-GLES2_U002c0-512MB-85-220-0-0.png/100x100bb.jpg]
[is1-ssl.mzstatic.com/image/thumb/Purple122/v4/89/61/85/8961857c-b56e-976b-e1d2-d5462a8b1a89/AppIcon-0-0-1x_U007emarketing-0-0-0-7-0-0-sRGB-0-0-0-GLES2_U002c0-512MB-85-220-0-0.png/100x100bb.jpg]
[is5-ssl.mzstatic.com/image/thumb/Purple122/v4/a3/72/3b/a3723b91-2267-9d07-2e59-0bd98c06aa50/AppIcon-1668130520-1x_U007emarketing-0-7-0-85-220.png/100x100bb.jpg]
[is3-ssl.mzstatic.com/image/thumb/Purple112/v4/c5/28/d8/c528d8e5-c872-2439-5170-3e995ea367d5/AppIcon-0-0-1x_U007emarketing-0-0-0-7-0-0-sRGB-0-0-0-GLES2_U002c0-512MB-85-220-0-0.png/100x100bb.jpg]
[is1-ssl.mzstatic.com/image/thumb/Purple112/v4/2a/a1/8f/2aa18fb0-4bab-8f15-04c6-cd0314dd0ded/AppIcon-0-0-1x_U007emarketing-0-0-0-7-0-0-sRGB-0-0-0-GLES2_U002c0-512MB-85-220-0-0.png/100x100bb.jpg]
[is4-ssl.mzstatic.com/image/thumb/Purple122/v4/6f/8f/d1/6f8fd14f-d108-1d91-117a-1becc62675d8/AppIcon-0-0-1x_U007emarketing-0-0-0-7-0-0-sRGB-0-0-0-GLES2_U002c0-512MB-85-220-0-0.png/100x100bb.jpg]
[is3-ssl.mzstatic.com/image/thumb/Purple112/v4/4b/f9/79/4bf9799d-bbec-0032-20ad-da44d4f61231/AppIcon-1x_U007emarketing-0-7-0-0-85-220.png/100x100bb.jpg]
[is4-ssl.mzstatic.com/image/thumb/Purple122/v4/cf/76/2c/cf762cb9-3327-8bee-21f9-1a6d6593cd7d/AppIcon-0-0-1x_U007emarketing-0-0-0-9-0-0-sRGB-0-0-0-GLES2_U002c0-512MB-85-220-0-0.png/100x100bb.jpg]
[is3-ssl.mzstatic.com/image/thumb/Purple123/v4/03/88/11/03881119-53b8-9d2d-74f4-84ceb616255d/source/100x100bb.jpg]
[is4-ssl.mzstatic.com/image/thumb/Purple122/v4/a0/78/a8/a078a8cd-5b74-52da-203d-d72542a9dbc3/AppIcon-0-0-1x_U007emarketing-0-0-0-7-0-0-sRGB-0-0-0-GLES2_U002c0-512MB-85-220-0-0.png/100x100bb.jpg]
[is2-ssl.mzstatic.com/image/thumb/Purple122/v4/06/4c/e9/064ce9e7-336e-ce80-ec8e-a4f3bd6855ef/AppIcon-0-0-1x_U007emarketing-0-0-0-7-0-0-sRGB-0-0-0-GLES2_U002c0-512MB-85-220-0-0.png/100x100bb.jpg]
[is5-ssl.mzstatic.com/image/thumb/Purple112/v4/5e/28/ae/5e28ae8e-1cba-67e9-3503-414a3c128f50/AppIcon-1x_U007emarketing-0-7-0-85-220.png/100x100bb.jpg]
[is1-ssl.mzstatic.com/image/thumb/Purple122/v4/7f/8b/c9/7f8bc9ef-61bc-81f6-e554-0c3321a6b8f8/AppIcon-0-0-1x_U007emarketing-0-0-0-7-0-0-sRGB-0-0-0-GLES2_U002c0-512MB-85-220-0-0.png/100x100bb.jpg]
[is1-ssl.mzstatic.com/image/thumb/Purple122/v4/c8/38/c9/c838c9b2-74b0-f651-bde9-c01e3ea7a31f/AppIcon-1x_U007emarketing-0-7-0-85-220.png/100x100bb.jpg]
[is4-ssl.mzstatic.com/image/thumb/Purple122/v4/f7/45/d9/f745d94c-01bb-3e8c-b69f-c2596c8580a4/AppIcon-0-0-1x_U007emarketing-0-0-0-10-0-0-sRGB-0-0-0-GLES2_U002c0-512MB-85-220-0-0.png/100x100bb.jpg]
[is5-ssl.mzstatic.com/image/thumb/Purple122/v4/c1/7c/b7/c17cb7ae-be82-a013-f7e0-bb62c76a6556/AppIcon-0-0-1x_U007emarketing-0-0-0-10-0-0-sRGB-0-0-0-GLES2_U002c0-512MB-85-220-0-0.png/100x100bb.jpg]
[is4-ssl.mzstatic.com/image/thumb/Purple122/v4/09/03/56/0903560f-3dc2-073e-2fa0-08759b3a17b5/AppIcon-1x_U007emarketing-0-10-0-85-220.png/100x100bb.jpg]
[is1-ssl.mzstatic.com/image/thumb/Purple112/v4/5b/84/be/5b84be92-788e-b5c2-1404-b48401b3178a/AppIcon-1x_U007emarketing-0-7-0-85-220.png/100x100bb.jpg]
[is3-ssl.mzstatic.com/image/thumb/Purple123/v4/30/3d/d7/303dd740-1b26-bc05-f514-28ed34058de0/source/100x100bb.jpg]
[is5-ssl.mzstatic.com/image/thumb/Purple122/v4/49/c5/79/49c57951-c5db-6f16-293f-4aa372e24d05/AppIcon-0-0-1x_U007emarketing-0-0-0-7-0-0-sRGB-0-0-0-GLES2_U002c0-512MB-85-220-0-0.png/100x100bb.jpg]
[is2-ssl.mzstatic.com/image/thumb/Purple122/v4/f7/24/66/f72466ac-8915-67ce-b16f-88c746409147/AppIcon-0-0-1x_U007emarketing-0-0-0-7-0-0-sRGB-0-0-0-GLES2_U002c0-512MB-85-220-0-0.png/100x100bb.jpg]
[is4-ssl.mzstatic.com/image/thumb/Purple116/v4/24/16/9a/24169a65-e0f5-c3c6-e5ad-dad5bb94915c/source/100x100bb.jpg]
[is3-ssl.mzstatic.com/image/thumb/Purple112/v4/5a/8c/3a/5a8c3a6d-cefc-f636-c476-9462e809966c/AppIcon-0-0-1x_U007emarketing-0-0-0-7-0-0-sRGB-0-0-0-GLES2_U002c0-512MB-85-220-0-0.png/100x100bb.jpg]
[is1-ssl.mzstatic.com/image/thumb/Purple118/v4/8b/c1/7f/8bc17fa3-7037-ea56-44f2-77ddb9ddafa0/source/100x100bb.jpg]
[is2-ssl.mzstatic.com/image/thumb/Purple122/v4/0d/c7/6e/0dc76e45-37fe-b10b-e3f0-3a1fe684250e/AppIcon-1x_U007emarketing-0-7-0-85-220.png/100x100bb.jpg]
[is5-ssl.mzstatic.com/image/thumb/Purple112/v4/21/1b/a2/211ba203-23a8-2e6f-cf5a-5a48490fdb07/AppIcon-0-0-1x_U007emarketing-0-0-0-7-0-0-sRGB-0-0-0-GLES2_U002c0-512MB-85-220-0-0.png/100x100bb.jpg]
[is2-ssl.mzstatic.com/image/thumb/Purple122/v4/50/6c/0e/506c0e96-a6da-1584-2de0-90a8e4777dc7/AppIcon-0-0-1x_U007emarketing-0-0-0-10-0-0-sRGB-0-0-0-GLES2_U002c0-512MB-85-220-0-0.png/100x100bb.jpg]
[is1-ssl.mzstatic.com/image/thumb/Purple112/v4/ba/f8/ed/baf8edb4-f496-9ca5-ef11-213295af635f/AppIcon-0-0-1x_U007emarketing-0-0-0-7-0-0-sRGB-0-0-0-GLES2_U002c0-512MB-85-220-0-0.png/100x100bb.jpg]
[is1-ssl.mzstatic.com/image/thumb/Purple112/v4/c6/cb/97/c6cb9753-f3b3-fa73-53c7-3cb7c1f6725d/AppIcon-0-0-1x_U007emarketing-0-0-0-7-0-0-sRGB-0-0-0-GLES2_U002c0-512MB-85-220-0-0.png/100x100bb.jpg]
[is2-ssl.mzstatic.com/image/thumb/Purple122/v4/91/5d/eb/915deb30-e67c-eced-527a-1ca0c7354bb2/AppIcon-0-0-1x_U007emarketing-0-0-0-10-0-0-sRGB-0-0-0-GLES2_U002c0-512MB-85-220-0-0.png/100x100bb.jpg]
[is4-ssl.mzstatic.com/image/thumb/Purple112/v4/c2/aa/f4/c2aaf4cf-6a61-6a34-8a89-bbbbe95b598e/AppIcon-0-0-1x_U007emarketing-0-0-0-7-0-0-sRGB-0-0-0-GLES2_U002c0-512MB-85-220-0-0.png/100x100bb.jpg]
[is1-ssl.mzstatic.com/image/thumb/Purple112/v4/59/81/07/5981074a-b265-4589-622b-165f9c1b6cb3/AppIcon-0-0-1x_U007emarketing-0-0-0-7-0-0-sRGB-0-0-0-GLES2_U002c0-512MB-85-220-0-0.png/100x100bb.jpg]
[app.iosgods.com/store/lib/jquery/dist/jquery.min.js]
[app.iosgods.com/store/js/framework7.bundle.min.js]
[app.iosgods.com/store/index.html]
[app.iosgods.com/store/js/app.min1250.js]
[app.iosgods.com/store/games.html]
[app.iosgods.com/store/lib/font-awesome/fonts/fontawesome-webfont3e6e.eot]
[app.iosgods.com/store/lib/font-awesome/fonts/fontawesome-webfontd41d.eot]
[app.iosgods.com/store/lib/font-awesome/fonts/fontawesome-webfont3e6e.woff2]
[app.iosgods.com/store/lib/font-awesome/fonts/fontawesome-webfont3e6e.woff]
[app.iosgods.com/store/lib/font-awesome/fonts/fontawesome-webfont3e6e.ttf]
[app.iosgods.com/store/lib/font-awesome/css/font-awesome.min.css]
[app.iosgods.com/store/css/framework7.bundle.min.css]
[app.iosgods.com/store/lib/font-awesome/fonts/fontawesome-webfont3e6e.svg]
[app.iosgods.com/store/fonts/SFProText-Regular.eot]
[app.iosgods.com/store/fonts/SFProText-Regular.woff2]
[app.iosgods.com/store/fonts/SFProText-Regulard41d.eot]
[app.iosgods.com/store/fonts/SFProText-Regular.woff]
[app.iosgods.com/store/fonts/SFProText-Regular.ttf]
[app.iosgods.com/store/fonts/SFProText-Regular.svg]
[app.iosgods.com/store/fonts/SFProDisplay-Bold.woff2]
[app.iosgods.com/store/fonts/SFProDisplay-Boldd41d.eot]
[app.iosgods.com/store/fonts/SFProDisplay-Bold.woff]
[app.iosgods.com/store/fonts/SFProDisplay-Bold.ttf]
[app.iosgods.com/store/fonts/SFProDisplay-Bold.eot]
[app.iosgods.com/store/fonts/SFProDisplay-Semibold.eot]
[app.iosgods.com/store/fonts/SFProDisplay-Semibold.woff2]
[app.iosgods.com/store/fonts/SFProDisplay-Semiboldd41d.eot]
[app.iosgods.com/store/fonts/SFProDisplay-Semibold.woff]
[app.iosgods.com/store/fonts/SFProDisplay-Semibold.ttf]
[app.iosgods.com/store/fonts/SFProDisplay-Bold.svg]
[app.iosgods.com/store/fonts/SFProDisplay-Semibold.svg]
[app.iosgods.com/store/fonts/MaterialIcons-Regular.eot]
[app.iosgods.com/store/fonts/MaterialIcons-Regular.woff2]
[app.iosgods.com/store/fonts/MaterialIcons-Regular.woff]
[app.iosgods.com/store/fonts/MaterialIcons-Regular.ttf]
[app.iosgods.com/store/fonts/Framework7Icons-Regular.eot]
[app.iosgods.com/store/fonts/Framework7Icons-Regular.woff2]
[app.iosgods.com/store/fonts/Framework7Icons-Regular.woff]
[app.iosgods.com/store/fonts/Framework7Icons-Regular.ttf]
[app.iosgods.com/store/img/f7-icon.png]
[app.iosgods.com/store/img/vi-icon.png]
[app.iosgods.com/store/img/back-arrow.svg]
[app.iosgods.com/store/images/back-arrow.svg]
[app.iosgods.com/store/css/app.min78a8.css]
[app.iosgods.com/store/img/splashscreens/iphone5_splash.html]
[app.iosgods.com/store/img/splashscreens/iphone6_splash.html]
[app.iosgods.com/store/img/splashscreens/iphoneplus_splash.html]
[app.iosgods.com/store/img/splashscreens/iphonex_splash.html]
[app.iosgods.com/store/img/splashscreens/iphonexr_splash.html]
[app.iosgods.com/store/img/splashscreens/iphonexsmax_splash.html]
[app.iosgods.com/store/img/splashscreens/ipad_splash.html]
[app.iosgods.com/store/img/splashscreens/ipadpro1_splash.html]
[app.iosgods.com/store/img/splashscreens/ipadpro3_splash.html]
[app.iosgods.com/store/img/splashscreens/ipadpro2_splash.html]
[app.iosgods.com/store/lib/font-awesome/fonts/fontawesome-webfont3e6e.svg]
[app.iosgods.com/store/fonts/SFProText-Regular.svg]
[app.iosgods.com/store/fonts/SFProDisplay-Bold.svg]
[app.iosgods.com/store/fonts/SFProDisplay-Semibold.svg]
[app.iosgods.com/store/img/f7-icon.html]
[app.iosgods.com/store/img/vi-icon.html]
[app.iosgods.com/store/img/back-arrow.svg]
[app.iosgods.com/store/images/back-arrow.html]
